<?xml version="1.0" encoding="UTF-8"?>
<mule xmlns:spring="http://www.springframework.org/schema/beans" 
	xmlns:sfdc="http://www.mulesoft.org/schema/mule/sfdc"
	xmlns:siebel="http://www.mulesoft.org/schema/mule/siebel" 
	xmlns="http://www.mulesoft.org/schema/mule/core"
	xmlns:doc="http://www.mulesoft.org/schema/mule/documentation"
	xmlns:xsi="http://www.w3.org/2001/XMLSchema-instance"
	xsi:schemaLocation="http://www.mulesoft.org/schema/mule/siebel http://www.mulesoft.org/schema/mule/siebel/current/mule-siebel.xsd
http://www.mulesoft.org/schema/mule/core http://www.mulesoft.org/schema/mule/core/current/mule.xsd
http://www.mulesoft.org/schema/mule/sfdc http://www.mulesoft.org/schema/mule/sfdc/current/mule-sfdc.xsd
http://www.springframework.org/schema/beans http://www.springframework.org/schema/beans/spring-beans-current.xsd">

	<sub-flow name="selectAccountFromSiebel" >
		<siebel:query-business-components
			config-ref="OracleSiebelBusinessObjects" businessObjectComponentType="Account.Account"
			doc:name="query Accounts from Siebel" searchExpression="[Name] = &quot;#[payload.Name]&quot;">
			<siebel:fields-to-retrieve>
				<siebel:fields-to-retrieve>Id</siebel:fields-to-retrieve>
				<siebel:fields-to-retrieve>Name</siebel:fields-to-retrieve>
			</siebel:fields-to-retrieve>
		</siebel:query-business-components>
        <logger message="Siebel Account Query: #[payload]" level="INFO" doc:name="Logger"/>
	</sub-flow>

	<sub-flow name="selectContactFromSiebel" >
		<siebel:query-business-components
			config-ref="OracleSiebelBusinessObjects" businessObjectComponentType="Contact.Contact"
			doc:name="query Contacts from Siebel" searchExpression="[Email Address] = &quot;#[payload.Email]&quot;">
			<siebel:fields-to-retrieve>
				<siebel:fields-to-retrieve>Id</siebel:fields-to-retrieve>
				<siebel:fields-to-retrieve>Email Address</siebel:fields-to-retrieve>
			</siebel:fields-to-retrieve>
		</siebel:query-business-components>
        <logger message="Siebel Contact Query: #[payload]" level="INFO" doc:name="Logger"/>
	</sub-flow>

    <sub-flow name="createAccountInSalesforce" >
        <logger message="Creating SFDC Account: #[payload]" level="INFO" doc:name="Logger"/>
        <sfdc:create config-ref="Salesforce" type="Account" doc:name="salesforce">
            <sfdc:objects ref="#[payload]"/>
        </sfdc:create>
        <logger message="Create SFDC Account result: #[payload]" level="INFO" doc:name="logger"/>
    </sub-flow>

    <sub-flow name="createContactInSalesforce" >
        <logger message="Creating SFDC Contact: #[payload]" level="INFO" doc:name="Logger"/>
        <sfdc:create config-ref="Salesforce" type="Contact" doc:name="salesforce">
            <sfdc:objects ref="#[payload]"/>
        </sfdc:create>
        <logger message="Create SFDC Contact result: #[payload]" level="INFO" doc:name="logger"/>
    </sub-flow>    

    <sub-flow name="deleteAccountFromSalesforce" >
		<sfdc:delete config-ref="Salesforce" doc:name="salesforce">
			<sfdc:ids ref="#[payload]" />
		</sfdc:delete>
        <logger message="Delete SFDC Account result: #[payload]" level="INFO" doc:name="Logger"/>
    </sub-flow>

    <sub-flow name="deleteContactSiebel" >
        <foreach doc:name="For Each">
            <siebel:delete-business-component config-ref="OracleSiebelBusinessObjects" businessComponentId="#[payload]" businessObjectComponentType="Contact.Contact" doc:name="oracle Siebel Business Objects"/>
            <logger message="Delete Siebel Contact result: #[payload]" level="INFO" doc:name="logger"/>
        </foreach>
    </sub-flow>

    <sub-flow name="deleteAccountFromSiebel" >
		<foreach doc:name="For Each">
			<siebel:delete-business-component
				config-ref="OracleSiebelBusinessObjects" businessComponentId="#[payload]"
				businessObjectComponentType="Account.Account" doc:name="oracle Siebel Business Objects" />
		</foreach>
        <logger message="Delete Siebel Account result: #[payload]" level="INFO" doc:name="logger"/>

    </sub-flow>
</mule>
